108.06.02 10:24 B \AppA.pdf <-- Timothy Green /LearnKey/SCJP Sun Certified Programmer for Java 6 CD Master/Programs/eBook AppA.pdf
108.06.02 10:24 B \ch01.pdf <-- Timothy Green /LearnKey/SCJP Sun Certified Programmer for Java 6 CD Master/Programs/eBook ch01.pdf
108.06.02 10:24 B \ch02.pdf <-- Timothy Green /LearnKey/SCJP Sun Certified Programmer for Java 6 CD Master/Programs/eBook ch02.pdf
108.06.02 10:24 B \ch03.pdf <-- Timothy Green /LearnKey/SCJP Sun Certified Programmer for Java 6 CD Master/Programs/eBook ch03.pdf
108.06.02 10:25 B \ch04.pdf <-- Timothy Green /LearnKey/SCJP Sun Certified Programmer for Java 6 CD Master/Programs/eBook ch04.pdf
108.06.02 10:25 B \ch05.pdf <-- Timothy Green /LearnKey/SCJP Sun Certified Programmer for Java 6 CD Master/Programs/eBook ch05.pdf
108.06.02 10:25 B \ch06.pdf <-- Timothy Green /LearnKey/SCJP Sun Certified Programmer for Java 6 CD Master/Programs/eBook ch06.pdf
108.06.02 10:25 B \ch07.pdf <-- Timothy Green /LearnKey/SCJP Sun Certified Programmer for Java 6 CD Master/Programs/eBook ch07.pdf
108.06.02 10:25 B \ch08.pdf <-- Timothy Green /LearnKey/SCJP Sun Certified Programmer for Java 6 CD Master/Programs/eBook ch08.pdf
108.06.02 10:25 B \ch09.pdf <-- Timothy Green /LearnKey/SCJP Sun Certified Programmer for Java 6 CD Master/Programs/eBook ch09.pdf
108.06.02 10:25 B \ch10.pdf <-- Timothy Green /LearnKey/SCJP Sun Certified Programmer for Java 6 CD Master/Programs/eBook ch10.pdf
108.06.02 10:25 B \CH11.pdf <-- Timothy Green /LearnKey/SCJP Sun Certified Programmer for Java 6 CD Master/Programs/eBook CH11.pdf
108.06.02 10:25 B \CH12.pdf <-- Timothy Green /LearnKey/SCJP Sun Certified Programmer for Java 6 CD Master/Programs/eBook CH12.pdf
108.06.02 10:25 B \CH13.pdf <-- Timothy Green /LearnKey/SCJP Sun Certified Programmer for Java 6 CD Master/Programs/eBook CH13.pdf
108.06.02 10:25 B \CH14.pdf <-- Timothy Green /LearnKey/SCJP Sun Certified Programmer for Java 6 CD Master/Programs/eBook CH14.pdf
108.06.02 10:25 B \CH15.pdf <-- Timothy Green /LearnKey/SCJP Sun Certified Programmer for Java 6 CD Master/Programs/eBook CH15.pdf
108.06.02 10:25 B \CH16.pdf <-- Timothy Green /LearnKey/SCJP Sun Certified Programmer for Java 6 CD Master/Programs/eBook CH16.pdf
108.06.02 10:25 B \CH17.pdf <-- Timothy Green /LearnKey/SCJP Sun Certified Programmer for Java 6 CD Master/Programs/eBook CH17.pdf
108.06.02 10:25 B \CH18.pdf <-- Timothy Green /LearnKey/SCJP Sun Certified Programmer for Java 6 CD Master/Programs/eBook CH18.pdf
108.06.02 10:25 B \chapters.html <-- Timothy Green /LearnKey/SCJP Sun Certified Programmer for Java 6 CD Master/Programs/eBook chapters.html
108.06.02 10:25 B \chapters_osborne.html <-- Timothy Green /LearnKey/SCJP Sun Certified Programmer for Java 6 CD Master/Programs/eBook chapters_osborne.html
108.06.02 10:25 B \GLOSS.pdf <-- Timothy Green /LearnKey/SCJP Sun Certified Programmer for Java 6 CD Master/Programs/eBook GLOSS.pdf
