!SESSION 2015-09-14 17:17:24.215 -----------------------------------------------
eclipse.buildId=M20110909-1335
java.version=1.7.0-ea
java.vendor=Sun Microsystems Inc.
BootLoader constants: OS=win32, ARCH=x86, WS=win32, NL=en_US
Framework arguments:  -product org.eclipse.epp.package.jee.product
Command-line arguments:  -os win32 -ws win32 -arch x86 -product org.eclipse.epp.package.jee.product

!ENTRY org.eclipse.jdt.ui 4 10001 2015-09-14 17:20:38.131
!MESSAGE Internal Error
!STACK 1
Java Model Exception: Java Model Status [Timed out while retrieving the attached javadoc for ConcurrentHashMap [in ConcurrentHashMap.class [in java.util.concurrent [in C:\Program Files (x86)\Java\jre7\lib\rt.jar]]] ]
	at org.eclipse.jdt.internal.core.JavaElement.getURLContents(JavaElement.java:808)
	at org.eclipse.jdt.internal.core.BinaryType.getJavadocContents(BinaryType.java:1037)
	at org.eclipse.jdt.internal.core.BinaryType.getAttachedJavadoc(BinaryType.java:995)
	at org.eclipse.jdt.internal.ui.text.javadoc.JavadocContentAccess2.getHTMLContent(JavadocContentAccess2.java:462)
	at org.eclipse.jdt.internal.ui.text.java.ProposalInfo.extractJavadoc(ProposalInfo.java:95)
	at org.eclipse.jdt.internal.ui.text.java.ProposalInfo.computeInfo(ProposalInfo.java:75)
	at org.eclipse.jdt.internal.ui.text.java.ProposalInfo.getInfo(ProposalInfo.java:58)
	at org.eclipse.jdt.internal.ui.text.java.AbstractJavaCompletionProposal.getAdditionalProposalInfo(AbstractJavaCompletionProposal.java:555)
	at org.eclipse.jface.text.contentassist.AdditionalInfoController$3.run(AdditionalInfoController.java:106)
	at org.eclipse.core.internal.jobs.Worker.run(Worker.java:54)
!SUBENTRY 1 org.eclipse.jdt.core 4 1012 2015-09-14 17:20:38.132
!MESSAGE Timed out while retrieving the attached javadoc for ConcurrentHashMap [in ConcurrentHashMap.class [in java.util.concurrent [in C:\Program Files (x86)\Java\jre7\lib\rt.jar]]] 

!ENTRY org.eclipse.jdt.ui 4 10001 2015-09-14 17:20:40.690
!MESSAGE Internal Error
!STACK 1
Java Model Exception: Java Model Status [Timed out while retrieving the attached javadoc for ClassFormatError [in ClassFormatError.class [in java.lang [in C:\Program Files (x86)\Java\jre7\lib\rt.jar]]] ]
	at org.eclipse.jdt.internal.core.JavaElement.getURLContents(JavaElement.java:808)
	at org.eclipse.jdt.internal.core.BinaryType.getJavadocContents(BinaryType.java:1037)
	at org.eclipse.jdt.internal.core.BinaryType.getAttachedJavadoc(BinaryType.java:995)
	at org.eclipse.jdt.internal.ui.text.javadoc.JavadocContentAccess2.getHTMLContent(JavadocContentAccess2.java:462)
	at org.eclipse.jdt.internal.ui.text.java.ProposalInfo.extractJavadoc(ProposalInfo.java:95)
	at org.eclipse.jdt.internal.ui.text.java.ProposalInfo.computeInfo(ProposalInfo.java:75)
	at org.eclipse.jdt.internal.ui.text.java.ProposalInfo.getInfo(ProposalInfo.java:58)
	at org.eclipse.jdt.internal.ui.text.java.AbstractJavaCompletionProposal.getAdditionalProposalInfo(AbstractJavaCompletionProposal.java:555)
	at org.eclipse.jface.text.contentassist.AdditionalInfoController$3.run(AdditionalInfoController.java:106)
	at org.eclipse.core.internal.jobs.Worker.run(Worker.java:54)
!SUBENTRY 1 org.eclipse.jdt.core 4 1012 2015-09-14 17:20:40.690
!MESSAGE Timed out while retrieving the attached javadoc for ClassFormatError [in ClassFormatError.class [in java.lang [in C:\Program Files (x86)\Java\jre7\lib\rt.jar]]] 

!ENTRY org.eclipse.jdt.ui 4 10001 2015-09-14 17:21:07.027
!MESSAGE Internal Error
!STACK 1
Java Model Exception: Java Model Status [Timed out while retrieving the attached javadoc for Class [in Class.class [in java.lang [in C:\Program Files (x86)\Java\jre7\lib\rt.jar]]] ]
	at org.eclipse.jdt.internal.core.JavaElement.getURLContents(JavaElement.java:808)
	at org.eclipse.jdt.internal.core.BinaryType.getJavadocContents(BinaryType.java:1037)
	at org.eclipse.jdt.internal.core.BinaryType.getAttachedJavadoc(BinaryType.java:995)
	at org.eclipse.jdt.internal.ui.text.javadoc.JavadocContentAccess2.getHTMLContent(JavadocContentAccess2.java:462)
	at org.eclipse.jdt.internal.ui.text.java.ProposalInfo.extractJavadoc(ProposalInfo.java:95)
	at org.eclipse.jdt.internal.ui.text.java.ProposalInfo.computeInfo(ProposalInfo.java:75)
	at org.eclipse.jdt.internal.ui.text.java.ProposalInfo.getInfo(ProposalInfo.java:58)
	at org.eclipse.jdt.internal.ui.text.java.AbstractJavaCompletionProposal.getAdditionalProposalInfo(AbstractJavaCompletionProposal.java:555)
	at org.eclipse.jface.text.contentassist.AdditionalInfoController$3.run(AdditionalInfoController.java:106)
	at org.eclipse.core.internal.jobs.Worker.run(Worker.java:54)
!SUBENTRY 1 org.eclipse.jdt.core 4 1012 2015-09-14 17:21:07.027
!MESSAGE Timed out while retrieving the attached javadoc for Class [in Class.class [in java.lang [in C:\Program Files (x86)\Java\jre7\lib\rt.jar]]] 

!ENTRY org.eclipse.jdt.ui 4 10001 2015-09-14 17:21:22.211
!MESSAGE Internal Error
!STACK 1
Java Model Exception: Java Model Status [Timed out while retrieving the attached javadoc for Class [in Class.class [in java.lang [in C:\Program Files (x86)\Java\jre7\lib\rt.jar]]] ]
	at org.eclipse.jdt.internal.core.JavaElement.getURLContents(JavaElement.java:808)
	at org.eclipse.jdt.internal.core.BinaryType.getJavadocContents(BinaryType.java:1037)
	at org.eclipse.jdt.internal.core.BinaryType.getAttachedJavadoc(BinaryType.java:995)
	at org.eclipse.jdt.internal.ui.text.javadoc.JavadocContentAccess2.getHTMLContent(JavadocContentAccess2.java:462)
	at org.eclipse.jdt.internal.ui.text.java.ProposalInfo.extractJavadoc(ProposalInfo.java:95)
	at org.eclipse.jdt.internal.ui.text.java.ProposalInfo.computeInfo(ProposalInfo.java:75)
	at org.eclipse.jdt.internal.ui.text.java.ProposalInfo.getInfo(ProposalInfo.java:58)
	at org.eclipse.jdt.internal.ui.text.java.AbstractJavaCompletionProposal.getAdditionalProposalInfo(AbstractJavaCompletionProposal.java:555)
	at org.eclipse.jface.text.contentassist.AdditionalInfoController$3.run(AdditionalInfoController.java:106)
	at org.eclipse.core.internal.jobs.Worker.run(Worker.java:54)
!SUBENTRY 1 org.eclipse.jdt.core 4 1012 2015-09-14 17:21:22.211
!MESSAGE Timed out while retrieving the attached javadoc for Class [in Class.class [in java.lang [in C:\Program Files (x86)\Java\jre7\lib\rt.jar]]] 

!ENTRY org.eclipse.jdt.ui 4 10001 2015-09-14 17:21:23.507
!MESSAGE Internal Error
!STACK 1
Java Model Exception: Java Model Status [Timed out while retrieving the attached javadoc for Class [in Class.class [in java.lang [in C:\Program Files (x86)\Java\jre7\lib\rt.jar]]] ]
	at org.eclipse.jdt.internal.core.JavaElement.getURLContents(JavaElement.java:808)
	at org.eclipse.jdt.internal.core.BinaryType.getJavadocContents(BinaryType.java:1037)
	at org.eclipse.jdt.internal.core.BinaryType.getAttachedJavadoc(BinaryType.java:995)
	at org.eclipse.jdt.internal.ui.text.javadoc.JavadocContentAccess2.getHTMLContent(JavadocContentAccess2.java:462)
	at org.eclipse.jdt.internal.ui.text.java.ProposalInfo.extractJavadoc(ProposalInfo.java:95)
	at org.eclipse.jdt.internal.ui.text.java.ProposalInfo.computeInfo(ProposalInfo.java:75)
	at org.eclipse.jdt.internal.ui.text.java.ProposalInfo.getInfo(ProposalInfo.java:58)
	at org.eclipse.jdt.internal.ui.text.java.AbstractJavaCompletionProposal.getAdditionalProposalInfo(AbstractJavaCompletionProposal.java:555)
	at org.eclipse.jface.text.contentassist.AdditionalInfoController$3.run(AdditionalInfoController.java:106)
	at org.eclipse.core.internal.jobs.Worker.run(Worker.java:54)
!SUBENTRY 1 org.eclipse.jdt.core 4 1012 2015-09-14 17:21:23.507
!MESSAGE Timed out while retrieving the attached javadoc for Class [in Class.class [in java.lang [in C:\Program Files (x86)\Java\jre7\lib\rt.jar]]] 

!ENTRY org.eclipse.jdt.ui 4 10001 2015-09-14 17:21:25.211
!MESSAGE Internal Error
!STACK 1
Java Model Exception: Java Model Status [Timed out while retrieving the attached javadoc for Class [in Class.class [in java.lang [in C:\Program Files (x86)\Java\jre7\lib\rt.jar]]] ]
	at org.eclipse.jdt.internal.core.JavaElement.getURLContents(JavaElement.java:808)
	at org.eclipse.jdt.internal.core.BinaryType.getJavadocContents(BinaryType.java:1037)
	at org.eclipse.jdt.internal.core.BinaryType.getAttachedJavadoc(BinaryType.java:995)
	at org.eclipse.jdt.internal.ui.text.javadoc.JavadocContentAccess2.getHTMLContent(JavadocContentAccess2.java:462)
	at org.eclipse.jdt.internal.ui.text.java.ProposalInfo.extractJavadoc(ProposalInfo.java:95)
	at org.eclipse.jdt.internal.ui.text.java.ProposalInfo.computeInfo(ProposalInfo.java:75)
	at org.eclipse.jdt.internal.ui.text.java.ProposalInfo.getInfo(ProposalInfo.java:58)
	at org.eclipse.jdt.internal.ui.text.java.AbstractJavaCompletionProposal.getAdditionalProposalInfo(AbstractJavaCompletionProposal.java:555)
	at org.eclipse.jface.text.contentassist.AdditionalInfoController$3.run(AdditionalInfoController.java:106)
	at org.eclipse.core.internal.jobs.Worker.run(Worker.java:54)
!SUBENTRY 1 org.eclipse.jdt.core 4 1012 2015-09-14 17:21:25.211
!MESSAGE Timed out while retrieving the attached javadoc for Class [in Class.class [in java.lang [in C:\Program Files (x86)\Java\jre7\lib\rt.jar]]] 

!ENTRY org.eclipse.jdt.ui 4 10001 2015-09-14 17:21:31.466
!MESSAGE Internal Error
!STACK 1
Java Model Exception: Java Model Status [Timed out while retrieving the attached javadoc for Connection [in Connection.class [in java.sql [in C:\Program Files (x86)\Java\jre7\lib\rt.jar]]] ]
	at org.eclipse.jdt.internal.core.JavaElement.getURLContents(JavaElement.java:808)
	at org.eclipse.jdt.internal.core.BinaryType.getJavadocContents(BinaryType.java:1037)
	at org.eclipse.jdt.internal.core.BinaryType.getAttachedJavadoc(BinaryType.java:995)
	at org.eclipse.jdt.internal.ui.text.javadoc.JavadocContentAccess2.getHTMLContent(JavadocContentAccess2.java:462)
	at org.eclipse.jdt.internal.ui.text.java.ProposalInfo.extractJavadoc(ProposalInfo.java:95)
	at org.eclipse.jdt.internal.ui.text.java.ProposalInfo.computeInfo(ProposalInfo.java:75)
	at org.eclipse.jdt.internal.ui.text.java.ProposalInfo.getInfo(ProposalInfo.java:58)
	at org.eclipse.jdt.internal.ui.text.java.AbstractJavaCompletionProposal.getAdditionalProposalInfo(AbstractJavaCompletionProposal.java:555)
	at org.eclipse.jface.text.contentassist.AdditionalInfoController$3.run(AdditionalInfoController.java:106)
	at org.eclipse.core.internal.jobs.Worker.run(Worker.java:54)
!SUBENTRY 1 org.eclipse.jdt.core 4 1012 2015-09-14 17:21:31.467
!MESSAGE Timed out while retrieving the attached javadoc for Connection [in Connection.class [in java.sql [in C:\Program Files (x86)\Java\jre7\lib\rt.jar]]] 

!ENTRY org.eclipse.ui 4 4 2015-09-14 18:14:26.344
!MESSAGE Part already exists in page layout: org.eclipse.ui.navigator.ProjectExplorer.
!SESSION 2015-10-07 22:13:34.333 -----------------------------------------------
eclipse.buildId=M20110909-1335
java.version=1.7.0-ea
java.vendor=Sun Microsystems Inc.
BootLoader constants: OS=win32, ARCH=x86, WS=win32, NL=en_US
Framework arguments:  -product org.eclipse.epp.package.jee.product
Command-line arguments:  -os win32 -ws win32 -arch x86 -product org.eclipse.epp.package.jee.product

!ENTRY org.eclipse.osgi 4 0 2015-10-07 22:14:05.110
!MESSAGE Application error
!STACK 1
org.eclipse.swt.SWTError: No more handles
	at org.eclipse.swt.SWT.error(SWT.java:4308)
	at org.eclipse.swt.SWT.error(SWT.java:4197)
	at org.eclipse.swt.SWT.error(SWT.java:4168)
	at org.eclipse.swt.widgets.Widget.error(Widget.java:468)
	at org.eclipse.swt.widgets.Control.createHandle(Control.java:704)
	at org.eclipse.swt.widgets.Composite.createHandle(Composite.java:305)
	at org.eclipse.swt.widgets.Control.createWidget(Control.java:744)
	at org.eclipse.swt.widgets.Scrollable.createWidget(Scrollable.java:134)
	at org.eclipse.swt.widgets.Control.<init>(Control.java:112)
	at org.eclipse.swt.widgets.Scrollable.<init>(Scrollable.java:75)
	at org.eclipse.swt.widgets.Composite.<init>(Composite.java:95)
	at org.eclipse.ui.splash.BasicSplashHandler.getBundleProgressMonitor(BasicSplashHandler.java:159)
	at org.eclipse.ui.splash.BasicSplashHandler.getContent(BasicSplashHandler.java:265)
	at org.eclipse.ui.internal.splash.EclipseSplashHandler.init(EclipseSplashHandler.java:86)
	at org.eclipse.ui.internal.Workbench$8.run(Workbench.java:785)
	at org.eclipse.core.runtime.SafeRunner.run(SafeRunner.java:42)
	at org.eclipse.ui.internal.Workbench.createSplashWrapper(Workbench.java:801)
	at org.eclipse.ui.internal.Workbench.runUI(Workbench.java:2523)
	at org.eclipse.ui.internal.Workbench.access$4(Workbench.java:2494)
	at org.eclipse.ui.internal.Workbench$7.run(Workbench.java:674)
	at org.eclipse.core.databinding.observable.Realm.runWithDefault(Realm.java:332)
	at org.eclipse.ui.internal.Workbench.createAndRunWorkbench(Workbench.java:667)
	at org.eclipse.ui.PlatformUI.createAndRunWorkbench(PlatformUI.java:149)
	at org.eclipse.ui.internal.ide.application.IDEApplication.start(IDEApplication.java:123)
	at org.eclipse.equinox.internal.app.EclipseAppHandle.run(EclipseAppHandle.java:196)
	at org.eclipse.core.runtime.internal.adaptor.EclipseAppLauncher.runApplication(EclipseAppLauncher.java:110)
	at org.eclipse.core.runtime.internal.adaptor.EclipseAppLauncher.start(EclipseAppLauncher.java:79)
	at org.eclipse.core.runtime.adaptor.EclipseStarter.run(EclipseStarter.java:344)
	at org.eclipse.core.runtime.adaptor.EclipseStarter.run(EclipseStarter.java:179)
	at sun.reflect.NativeMethodAccessorImpl.invoke0(Native Method)
	at sun.reflect.NativeMethodAccessorImpl.invoke(Unknown Source)
	at sun.reflect.DelegatingMethodAccessorImpl.invoke(Unknown Source)
	at java.lang.reflect.Method.invoke(Unknown Source)
	at org.eclipse.equinox.launcher.Main.invokeFramework(Main.java:622)
	at org.eclipse.equinox.launcher.Main.basicRun(Main.java:577)
	at org.eclipse.equinox.launcher.Main.run(Main.java:1410)
