!SESSION 2015-08-28 08:15:28.303 -----------------------------------------------
eclipse.buildId=M20110909-1335
java.version=1.7.0
java.vendor=Oracle Corporation
BootLoader constants: OS=win32, ARCH=x86, WS=win32, NL=en_US
Framework arguments:  -product org.eclipse.epp.package.jee.product -product org.eclipse.epp.package.jee.product
Command-line arguments:  -os win32 -ws win32 -arch x86 -product org.eclipse.epp.package.jee.product -data D:\spic  -product org.eclipse.epp.package.jee.product

!ENTRY org.eclipse.jdt.ui 4 10001 2015-08-28 09:26:24.665
!MESSAGE Internal Error
!STACK 1
Java Model Exception: java.io.IOException: Server returned HTTP response code: 403 for URL: http://download.oracle.com/javase/7/docs/api/com/sun/jndi/url/dns/dnsURLContext.html
	at org.eclipse.jdt.internal.core.JavaElement.getURLContents(JavaElement.java:820)
	at org.eclipse.jdt.internal.core.BinaryType.getJavadocContents(BinaryType.java:1037)
	at org.eclipse.jdt.internal.core.BinaryType.getAttachedJavadoc(BinaryType.java:995)
	at org.eclipse.jdt.internal.ui.text.javadoc.JavadocContentAccess2.getHTMLContent(JavadocContentAccess2.java:462)
	at org.eclipse.jdt.internal.ui.text.java.ProposalInfo.extractJavadoc(ProposalInfo.java:95)
	at org.eclipse.jdt.internal.ui.text.java.ProposalInfo.computeInfo(ProposalInfo.java:75)
	at org.eclipse.jdt.internal.ui.text.java.ProposalInfo.getInfo(ProposalInfo.java:58)
	at org.eclipse.jdt.internal.ui.text.java.AbstractJavaCompletionProposal.getAdditionalProposalInfo(AbstractJavaCompletionProposal.java:555)
	at org.eclipse.jface.text.contentassist.AdditionalInfoController$3.run(AdditionalInfoController.java:106)
	at org.eclipse.core.internal.jobs.Worker.run(Worker.java:54)
Caused by: java.io.IOException: Server returned HTTP response code: 403 for URL: http://download.oracle.com/javase/7/docs/api/com/sun/jndi/url/dns/dnsURLContext.html
	at sun.net.www.protocol.http.HttpURLConnection.getInputStream(HttpURLConnection.java:1612)
	at org.eclipse.jdt.internal.core.JavaElement.getURLContents(JavaElement.java:765)
	... 9 more
Caused by: java.io.IOException: Server returned HTTP response code: 403 for URL: http://download.oracle.com/javase/7/docs/api/com/sun/jndi/url/dns/dnsURLContext.html
	at sun.net.www.protocol.http.HttpURLConnection.getInputStream(HttpURLConnection.java:1612)
	at org.eclipse.jdt.internal.core.JavaElement.getURLContents(JavaElement.java:765)
	at org.eclipse.jdt.internal.core.BinaryType.getJavadocContents(BinaryType.java:1037)
	at org.eclipse.jdt.internal.core.BinaryType.getAttachedJavadoc(BinaryType.java:995)
	at org.eclipse.jdt.internal.ui.text.javadoc.JavadocContentAccess2.getHTMLContent(JavadocContentAccess2.java:462)
	at org.eclipse.jdt.internal.ui.text.java.ProposalInfo.extractJavadoc(ProposalInfo.java:95)
	at org.eclipse.jdt.internal.ui.text.java.ProposalInfo.computeInfo(ProposalInfo.java:75)
	at org.eclipse.jdt.internal.ui.text.java.ProposalInfo.getInfo(ProposalInfo.java:58)
	at org.eclipse.jdt.internal.ui.text.java.AbstractJavaCompletionProposal.getAdditionalProposalInfo(AbstractJavaCompletionProposal.java:555)
	at org.eclipse.jface.text.contentassist.AdditionalInfoController$3.run(AdditionalInfoController.java:106)
	at org.eclipse.core.internal.jobs.Worker.run(Worker.java:54)
!SUBENTRY 1 org.eclipse.jdt.core 4 985 2015-08-28 09:26:24.665
!MESSAGE Server returned HTTP response code: 403 for URL: http://download.oracle.com/javase/7/docs/api/com/sun/jndi/url/dns/dnsURLContext.html
!STACK 0
java.io.IOException: Server returned HTTP response code: 403 for URL: http://download.oracle.com/javase/7/docs/api/com/sun/jndi/url/dns/dnsURLContext.html
	at sun.net.www.protocol.http.HttpURLConnection.getInputStream(HttpURLConnection.java:1612)
	at org.eclipse.jdt.internal.core.JavaElement.getURLContents(JavaElement.java:765)
	at org.eclipse.jdt.internal.core.BinaryType.getJavadocContents(BinaryType.java:1037)
	at org.eclipse.jdt.internal.core.BinaryType.getAttachedJavadoc(BinaryType.java:995)
	at org.eclipse.jdt.internal.ui.text.javadoc.JavadocContentAccess2.getHTMLContent(JavadocContentAccess2.java:462)
	at org.eclipse.jdt.internal.ui.text.java.ProposalInfo.extractJavadoc(ProposalInfo.java:95)
	at org.eclipse.jdt.internal.ui.text.java.ProposalInfo.computeInfo(ProposalInfo.java:75)
	at org.eclipse.jdt.internal.ui.text.java.ProposalInfo.getInfo(ProposalInfo.java:58)
	at org.eclipse.jdt.internal.ui.text.java.AbstractJavaCompletionProposal.getAdditionalProposalInfo(AbstractJavaCompletionProposal.java:555)
	at org.eclipse.jface.text.contentassist.AdditionalInfoController$3.run(AdditionalInfoController.java:106)
	at org.eclipse.core.internal.jobs.Worker.run(Worker.java:54)
!SESSION 2015-09-03 07:52:40.167 -----------------------------------------------
eclipse.buildId=M20110909-1335
java.version=1.7.0
java.vendor=Oracle Corporation
BootLoader constants: OS=win32, ARCH=x86, WS=win32, NL=en_US
Framework arguments:  -product org.eclipse.epp.package.jee.product
Command-line arguments:  -os win32 -ws win32 -arch x86 -product org.eclipse.epp.package.jee.product

!ENTRY org.eclipse.jst.server.tomcat.core 4 0 2015-09-03 08:17:44.334
!MESSAGE Several ports (8080, 8009) required by Tomcat v7.0 Server at localhost are already in use. The server may already be running in another process, or a system process may be using the port. To start this server you will need to stop the other process or change the port number(s).

!ENTRY org.eclipse.jst.server.tomcat.core 4 0 2015-09-03 08:20:24.002
!MESSAGE Several ports (8080, 8009) required by Tomcat v7.0 Server at localhost are already in use. The server may already be running in another process, or a system process may be using the port. To start this server you will need to stop the other process or change the port number(s).
!SESSION 2015-09-03 08:22:09.531 -----------------------------------------------
eclipse.buildId=M20110909-1335
java.version=1.7.0
java.vendor=Oracle Corporation
BootLoader constants: OS=win32, ARCH=x86, WS=win32, NL=en_US
Framework arguments:  -product org.eclipse.epp.package.jee.product
Command-line arguments:  -os win32 -ws win32 -arch x86 -product org.eclipse.epp.package.jee.product

!ENTRY org.eclipse.jst.server.tomcat.core 4 0 2015-09-03 08:32:29.819
!MESSAGE Several ports (8080, 8009) required by Tomcat v7.0 Server at localhost are already in use. The server may already be running in another process, or a system process may be using the port. To start this server you will need to stop the other process or change the port number(s).

!ENTRY org.eclipse.jst.server.tomcat.core 4 0 2015-09-03 08:32:31.395
!MESSAGE Several ports (8080, 8009) required by Tomcat v7.0 Server at localhost are already in use. The server may already be running in another process, or a system process may be using the port. To start this server you will need to stop the other process or change the port number(s).

!ENTRY org.eclipse.jst.server.tomcat.core 4 0 2015-09-03 08:49:51.409
!MESSAGE Several ports (8080, 8009) required by Tomcat v7.0 Server at localhost are already in use. The server may already be running in another process, or a system process may be using the port. To start this server you will need to stop the other process or change the port number(s).

!ENTRY org.eclipse.jst.server.tomcat.core 4 0 2015-09-03 09:10:35.756
!MESSAGE Several ports (8080, 8009) required by Tomcat v7.0 Server at localhost are already in use. The server may already be running in another process, or a system process may be using the port. To start this server you will need to stop the other process or change the port number(s).

!ENTRY org.eclipse.jst.server.tomcat.core 4 0 2015-09-03 09:11:49.103
!MESSAGE Several ports (8080, 8009) required by Tomcat v7.0 Server at localhost are already in use. The server may already be running in another process, or a system process may be using the port. To start this server you will need to stop the other process or change the port number(s).

!ENTRY org.eclipse.jdt.ui 4 10001 2015-09-03 09:13:25.173
!MESSAGE Internal Error
!STACK 1
Java Model Exception: java.io.IOException: Server returned HTTP response code: 403 for URL: http://download.oracle.com/javase/7/docs/api/com/sun/xml/internal/bind/v2/TODO.html
	at org.eclipse.jdt.internal.core.JavaElement.getURLContents(JavaElement.java:820)
	at org.eclipse.jdt.internal.core.BinaryType.getJavadocContents(BinaryType.java:1037)
	at org.eclipse.jdt.internal.core.BinaryType.getAttachedJavadoc(BinaryType.java:995)
	at org.eclipse.jdt.internal.ui.text.javadoc.JavadocContentAccess2.getHTMLContent(JavadocContentAccess2.java:462)
	at org.eclipse.jdt.internal.ui.text.java.hover.JavadocHover.getHoverInfo(JavadocHover.java:621)
	at org.eclipse.jdt.internal.ui.text.java.hover.JavadocHover.internalGetHoverInfo(JavadocHover.java:567)
	at org.eclipse.jdt.internal.ui.text.java.hover.JavadocHover.getHoverInfo2(JavadocHover.java:559)
	at org.eclipse.jdt.internal.ui.text.java.hover.BestMatchHover.getHoverInfo2(BestMatchHover.java:142)
	at org.eclipse.jdt.internal.ui.text.java.hover.JavaEditorTextHoverProxy.getHoverInfo2(JavaEditorTextHoverProxy.java:85)
	at org.eclipse.jface.text.TextViewerHoverManager$4.run(TextViewerHoverManager.java:166)
Caused by: java.io.IOException: Server returned HTTP response code: 403 for URL: http://download.oracle.com/javase/7/docs/api/com/sun/xml/internal/bind/v2/TODO.html
	at sun.net.www.protocol.http.HttpURLConnection.getInputStream(HttpURLConnection.java:1612)
	at org.eclipse.jdt.internal.core.JavaElement.getURLContents(JavaElement.java:765)
	... 9 more
Caused by: java.io.IOException: Server returned HTTP response code: 403 for URL: http://download.oracle.com/javase/7/docs/api/com/sun/xml/internal/bind/v2/TODO.html
	at sun.net.www.protocol.http.HttpURLConnection.getInputStream(HttpURLConnection.java:1612)
	at org.eclipse.jdt.internal.core.JavaElement.getURLContents(JavaElement.java:765)
	at org.eclipse.jdt.internal.core.BinaryType.getJavadocContents(BinaryType.java:1037)
	at org.eclipse.jdt.internal.core.BinaryType.getAttachedJavadoc(BinaryType.java:995)
	at org.eclipse.jdt.internal.ui.text.javadoc.JavadocContentAccess2.getHTMLContent(JavadocContentAccess2.java:462)
	at org.eclipse.jdt.internal.ui.text.java.hover.JavadocHover.getHoverInfo(JavadocHover.java:621)
	at org.eclipse.jdt.internal.ui.text.java.hover.JavadocHover.internalGetHoverInfo(JavadocHover.java:567)
	at org.eclipse.jdt.internal.ui.text.java.hover.JavadocHover.getHoverInfo2(JavadocHover.java:559)
	at org.eclipse.jdt.internal.ui.text.java.hover.BestMatchHover.getHoverInfo2(BestMatchHover.java:142)
	at org.eclipse.jdt.internal.ui.text.java.hover.JavaEditorTextHoverProxy.getHoverInfo2(JavaEditorTextHoverProxy.java:85)
	at org.eclipse.jface.text.TextViewerHoverManager$4.run(TextViewerHoverManager.java:166)
!SUBENTRY 1 org.eclipse.jdt.core 4 985 2015-09-03 09:13:25.173
!MESSAGE Server returned HTTP response code: 403 for URL: http://download.oracle.com/javase/7/docs/api/com/sun/xml/internal/bind/v2/TODO.html
!STACK 0
java.io.IOException: Server returned HTTP response code: 403 for URL: http://download.oracle.com/javase/7/docs/api/com/sun/xml/internal/bind/v2/TODO.html
	at sun.net.www.protocol.http.HttpURLConnection.getInputStream(HttpURLConnection.java:1612)
	at org.eclipse.jdt.internal.core.JavaElement.getURLContents(JavaElement.java:765)
	at org.eclipse.jdt.internal.core.BinaryType.getJavadocContents(BinaryType.java:1037)
	at org.eclipse.jdt.internal.core.BinaryType.getAttachedJavadoc(BinaryType.java:995)
	at org.eclipse.jdt.internal.ui.text.javadoc.JavadocContentAccess2.getHTMLContent(JavadocContentAccess2.java:462)
	at org.eclipse.jdt.internal.ui.text.java.hover.JavadocHover.getHoverInfo(JavadocHover.java:621)
	at org.eclipse.jdt.internal.ui.text.java.hover.JavadocHover.internalGetHoverInfo(JavadocHover.java:567)
	at org.eclipse.jdt.internal.ui.text.java.hover.JavadocHover.getHoverInfo2(JavadocHover.java:559)
	at org.eclipse.jdt.internal.ui.text.java.hover.BestMatchHover.getHoverInfo2(BestMatchHover.java:142)
	at org.eclipse.jdt.internal.ui.text.java.hover.JavaEditorTextHoverProxy.getHoverInfo2(JavaEditorTextHoverProxy.java:85)
	at org.eclipse.jface.text.TextViewerHoverManager$4.run(TextViewerHoverManager.java:166)
